0 info it worked if it ends with ok
1 verbose cli [ 'c:\\Program Files\\nodejs\\node.exe',
1 verbose cli   'c:\\Program Files\\nodejs\\node_modules\\npm\\bin\\npm-cli.js',
1 verbose cli   'install',
1 verbose cli   'socket.io-client@1.0.4.' ]
2 info using npm@1.4.28
3 info using node@v0.10.35
4 warn package.json chatserver@0.0.1 No repository field.
5 warn package.json karma-chrome-launcher@0.1.7 No README data
6 warn package.json karma-firefox-launcher@0.1.4 No README data
7 warn package.json karma-phantomjs-launcher@0.1.4 No README data
8 verbose readDependencies using package.json deps
9 verbose cache add [ 'socket.io-client@1.0.4.', null ]
10 verbose cache add name=undefined spec="socket.io-client@1.0.4." args=["socket.io-client@1.0.4.",null]
11 verbose parsed url { protocol: null,
11 verbose parsed url   slashes: null,
11 verbose parsed url   auth: null,
11 verbose parsed url   host: null,
11 verbose parsed url   port: null,
11 verbose parsed url   hostname: null,
11 verbose parsed url   hash: null,
11 verbose parsed url   search: null,
11 verbose parsed url   query: null,
11 verbose parsed url   pathname: 'socket.io-client@1.0.4.',
11 verbose parsed url   path: 'socket.io-client@1.0.4.',
11 verbose parsed url   href: 'socket.io-client@1.0.4.' }
12 verbose cache add name="socket.io-client" spec="1.0.4." args=["socket.io-client","1.0.4."]
13 verbose parsed url { protocol: null,
13 verbose parsed url   slashes: null,
13 verbose parsed url   auth: null,
13 verbose parsed url   host: null,
13 verbose parsed url   port: null,
13 verbose parsed url   hostname: null,
13 verbose parsed url   hash: null,
13 verbose parsed url   search: null,
13 verbose parsed url   query: null,
13 verbose parsed url   pathname: '1.0.4.',
13 verbose parsed url   path: '1.0.4.',
13 verbose parsed url   href: '1.0.4.' }
14 verbose addNamed [ 'socket.io-client', '1.0.4.' ]
15 verbose addNamed [ null, null ]
16 silly lockFile ccb03503-socket-io-client-1-0-4 socket.io-client@1.0.4.
17 verbose lock socket.io-client@1.0.4. C:\Users\Dagur\AppData\Roaming\npm-cache\ccb03503-socket-io-client-1-0-4.lock
18 info addNameTag [ 'socket.io-client', '1.0.4.' ]
19 verbose request where is /socket.io-client
20 verbose request registry https://registry.npmjs.org/
21 verbose request id 1b776e8b4485d2e8
22 verbose url raw /socket.io-client
23 verbose url resolving [ 'https://registry.npmjs.org/', './socket.io-client' ]
24 verbose url resolved https://registry.npmjs.org/socket.io-client
25 verbose request where is https://registry.npmjs.org/socket.io-client
26 info trying registry request attempt 1 at 13:39:19
27 verbose etag "ERLWAYZCU5OZ2RR0TIITH87TE"
28 http GET https://registry.npmjs.org/socket.io-client
29 http 304 https://registry.npmjs.org/socket.io-client
30 silly registry.get cb [ 304,
30 silly registry.get   { date: 'Thu, 19 Feb 2015 13:39:16 GMT',
30 silly registry.get     server: 'Apache',
30 silly registry.get     via: '1.1 varnish',
30 silly registry.get     'last-modified': 'Thu, 19 Feb 2015 13:39:16 GMT',
30 silly registry.get     'cache-control': 'max-age=60',
30 silly registry.get     etag: '"ERLWAYZCU5OZ2RR0TIITH87TE"',
30 silly registry.get     age: '43',
30 silly registry.get     'x-served-by': 'cache-fra1235-FRA',
30 silly registry.get     'x-cache': 'HIT',
30 silly registry.get     'x-cache-hits': '1',
30 silly registry.get     'x-timer': 'S1424353156.662994,VS0,VE0',
30 silly registry.get     vary: 'Accept',
30 silly registry.get     'content-length': '0',
30 silly registry.get     'keep-alive': 'timeout=10, max=50',
30 silly registry.get     connection: 'Keep-Alive' } ]
31 verbose etag https://registry.npmjs.org/socket.io-client from cache
32 silly lockFile ccb03503-socket-io-client-1-0-4 socket.io-client@1.0.4.
33 silly lockFile ccb03503-socket-io-client-1-0-4 socket.io-client@1.0.4.
34 error notarget No compatible version found: socket.io-client@'1.0.4.'
34 error notarget Valid install targets:
34 error notarget ["0.7.0","0.7.1","0.7.2","0.7.3","0.7.4","0.7.5","0.7.9","0.7.10","0.7.11","0.8.0","0.8.1","0.8.2","0.8.3","0.8.4","0.8.5","0.8.6","0.8.7","0.9.0","0.9.1","0.9.1-1","0.9.2","0.9.3","0.9.4","0.9.5","0.9.6","0.9.7","0.9.8","0.9.9","0.9.10","0.9.11","0.9.15","0.9.16","1.0.0-pre","1.0.0-pre2","1.0.0-pre3","1.0.0-pre4","1.0.0-pre5","0.9.17","1.0.1","1.0.2","1.0.3","1.0.4","1.0.5","1.0.6","1.1.0","1.2.0","1.2.1","1.3.0","1.3.1","1.3.2","1.3.3","1.3.4"]
34 error notarget
34 error notarget This is most likely not a problem with npm itself.
34 error notarget In most cases you or one of your dependencies are requesting
34 error notarget a package version that doesn't exist.
35 error System Windows_NT 6.2.9200
36 error command "c:\\Program Files\\nodejs\\node.exe" "c:\\Program Files\\nodejs\\node_modules\\npm\\bin\\npm-cli.js" "install" "socket.io-client@1.0.4."
37 error cwd C:\Users\Dagur\Documents\GitHub\Vefforitun2\project2
38 error node -v v0.10.35
39 error npm -v 1.4.28
40 error code ETARGET
41 verbose exit [ 1, true ]
